<?xml version="1.0" encoding="UTF-8" ?>
<testsuite tests="7" failures="0" name="testPage" time="12.136" errors="0" skipped="0">
  <properties>
[...]
</properties>
  <testcase classname="testPage" name="test1" time="0.627"/>
  <testcase classname="testPage" name="test2" time="0.194"/>
  <testcase classname="testPage" name="test3" time="0.1"/>
  <testcase classname="testPage" name="test4" time="0.311"/>
  <testcase classname="testPage" name="test5" time="0.797"/>
  <testcase classname="testPage" name="test6" time="0.165"/>
  <testcase classname="testPage" name="test7" time="1.128"/>
</testsuite>